app/build/outputs/mapping/release/seeds.txt
com.drdisagree.anothertheme.SubstratumLauncher: SubstratumLauncher()
com.drdisagree.anothertheme.SubstratumLauncher
...
com.google.android.material.circularreveal.coordinatorlayout.CircularRevealCoordinatorLayout: void setCircularRevealOverlayDrawable(android.graphics.drawable.Drawable)
com.github.javiersantos.piracychecker.R$style: int Widget_AppCompat_PopupWindow
com.google.android.material.R$styleable: int Toolbar_navigationIcon
androidx.appcompat.widget.AppCompatTextView: void setLastBaselineToBottomHeight(int)
com.google.android.material.R$styleable: int AppCompatTheme_colorPrimary
com.google.android.material.R$styleable: int MaterialCardView_strokeColor
com.google.android.material.R$attr: int onPositiveCross
com.google.android.material.R$style: int RtlOverlay_Widget_AppCompat_PopupMenuItem_Shortcut
com.github.javiersantos.piracychecker.R$styleable: int GradientColor_android_centerColor
com.google.android.material.R$color: int abc_secondary_text_material_dark
com.google.android.material.R$dimen: int m3_sys_state_focus_state_layer_opacity
androidx.appcompat.R$attr: int drawableStartCompat
androidx.appcompat.R$attr: int alertDialogTheme
com.github.javiersantos.piracychecker.R$styleable: int ActionBar_popupTheme
androidx.appcompat.R$attr: int paddingEnd
com.google.android.material.datepicker.MaterialCalendar$3
androidx.appcompat.R$id: int shortcut
androidx.recyclerview.R$styleable: int GradientColor_android_startX
com.google.android.material.R$color: int m3_ref_palette_secondary60
com.google.android.material.bottomnavigation.BottomNavigationItemView
com.github.javiersantos.piracychecker.R$style: int Theme_Design
com.google.android.material.timepicker.TimePickerView$OnPeriodChangeListener
com.google.android.material.R$string: int mtrl_picker_toggle_to_year_selection
androidx.appcompat.R$attr: int switchPadding
androidx.constraintlayout.widget.R$styleable: int Constraint_layout_constraintCircle
androidx.constraintlayout.widget.R$styleable: int MenuItem_android_titleCondensed
androidx.recyclerview.R$dimen: int item_touch_helper_swipe_escape_velocity
com.google.android.material.internal.NavigationMenuPresenter$1
com.github.javiersantos.piracychecker.R$styleable: int AppCompatTheme_seekBarStyle
com.google.android.material.R$layout: int abc_list_menu_item_radio
com.google.android.material.R$dimen: int abc_text_size_body_2_material
androidx.appcompat.R$attr: int autoSizeTextType
com.google.android.material.transition.TransitionListenerAdapter
com.github.javiersantos.piracychecker.R$style: int Base_Widget_AppCompat_TextView_SpinnerItem
com.github.javiersantos.piracychecker.R$attr: int overlapAnchor
androidx.constraintlayout.widget.R$styleable: int AppCompatTheme_actionBarTabStyle
com.google.android.material.internal.ScrimInsetsFrameLayout$1
androidx.constraintlayout.widget.R$styleable: int Constraint_flow_firstVerticalBias
androidx.constraintlayout.widget.R$styleable: int Constraint_layout_goneMarginStart
androidx.appcompat.R$id: int tabMode
com.github.javiersantos.piracychecker.R$styleable: int BottomAppBar_fabCradleRoundedCornerRadius
com.google.android.material.R$attr: int hideOnContentScroll
com.google.android.material.R$integer: int mtrl_calendar_selection_text_lines
com.google.android.material.R$attr: int materialCardViewStyle
androidx.fragment.R$id: int accessibility_custom_action_1
androidx.appcompat.widget.AppCompatEditText: AppCompatEditText(android.content.Context,android.util.AttributeSet)
com.google.android.material.R$color: int material_timepicker_button_stroke
com.google.android.material.R$dimen: int disabled_alpha_material_light
com.google.android.material.button.MaterialButton: void setIconResource(int)
com.github.javiersantos.piracychecker.R$drawable: int abc_ic_star_half_black_36dp
androidx.constraintlayout.widget.R$styleable: int Transition_layoutDuringTransition
com.github.javiersantos.piracychecker.R$attr: int chipMinHeight
com.google.android.material.navigation.NavigationBarView$OnItemReselectedListener
com.github.javiersantos.piracychecker.R$styleable: int AppCompatTextView_autoSizeMaxTextSize