app/build/outputs/mapping/release/mapping.txt
# compiler: R8
# compiler_version: 2.0.74
# min_api: 29
# pg_map_id: 073730b
# common_typos_disable
com.drdisagree.anothertheme.AdvancedConstants -> com.drdisagree.anothertheme.a:
    com.drdisagree.anothertheme.AdvancedConstants INSTANCE -> d
    java.lang.String[] BLACKLISTED_APPLICATIONS -> a
    java.lang.String[] OTHER_THEME_SYSTEMS -> c
    java.lang.String[] ORGANIZATION_THEME_SYSTEMS -> b
    java.lang.String[] getBLACKLISTED_APPLICATIONS() -> a
    java.lang.String[] getORGANIZATION_THEME_SYSTEMS() -> b
    java.lang.String[] getOTHER_THEME_SYSTEMS() -> c
com.drdisagree.anothertheme.BuildConfig -> com.drdisagree.anothertheme.b:
    byte[] IV_KEY -> b
    byte[] DECRYPTION_KEY -> a
com.drdisagree.anothertheme.SubstratumLauncher -> com.drdisagree.anothertheme.SubstratumLauncher:
    java.lang.String receiveKeysIntent -> g
    java.lang.String getKeysIntent -> f
    kotlin.Lazy themePiracyCheck$delegate -> h
    com.anjlab.android.iab.v3.BillingProcessor bp -> b
    kotlin.reflect.KProperty[] $$delegatedProperties -> i
    boolean debug -> c
    java.lang.String substratumIntentData -> e
    java.lang.String tag -> d
    void onBillingInitialized() -> a
    void onPurchaseHistoryRestored() -> b
    void onProductPurchased(java.lang.String,com.anjlab.android.iab.v3.TransactionDetails) -> c
    void onBillingError(int,java.lang.Throwable) -> d
    java.lang.String access$getGetKeysIntent$p(com.drdisagree.anothertheme.SubstratumLauncher) -> e
    java.lang.String access$getReceiveKeysIntent$p(com.drdisagree.anothertheme.SubstratumLauncher) -> f
    java.lang.String access$getSubstratumIntentData$p(com.drdisagree.anothertheme.SubstratumLauncher) -> g
    boolean access$getThemePiracyCheck$p(com.drdisagree.anothertheme.SubstratumLauncher) -> h
    void access$startAntiPiracyCheck(com.drdisagree.anothertheme.SubstratumLauncher) -> i
    void access$storeDialogStatus(com.drdisagree.anothertheme.SubstratumLauncher,boolean) -> j
    boolean getDialogStatus() -> k
    boolean getThemePiracyCheck() -> l
    void showDialog() -> m
    void startAntiPiracyCheck() -> n
    void storeDialogStatus(boolean) -> o
com.drdisagree.anothertheme.SubstratumLauncher$showDialog$1 -> com.drdisagree.anothertheme.SubstratumLauncher$a:
    com.drdisagree.anothertheme.SubstratumLauncher this$0 -> b
com.drdisagree.anothertheme.SubstratumLauncher$showDialog$2 -> com.drdisagree.anothertheme.SubstratumLauncher$b:
    com.drdisagree.anothertheme.SubstratumLauncher this$0 -> b
com.drdisagree.anothertheme.SubstratumLauncher$showDialog$3 -> com.drdisagree.anothertheme.SubstratumLauncher$c:
    com.drdisagree.anothertheme.SubstratumLauncher this$0 -> b
com.drdisagree.anothertheme.SubstratumLauncher$showDialog$4 -> com.drdisagree.anothertheme.SubstratumLauncher$d:
    com.drdisagree.anothertheme.SubstratumLauncher this$0 -> a
com.drdisagree.anothertheme.SubstratumLauncher$startAntiPiracyCheck$1 -> com.drdisagree.anothertheme.SubstratumLauncher$e:
    com.drdisagree.anothertheme.SubstratumLauncher this$0 -> b
    java.lang.Object invoke(java.lang.Object) -> d
    void invoke(com.github.javiersantos.piracychecker.PiracyChecker) -> e
com.drdisagree.anothertheme.SubstratumLauncher$startAntiPiracyCheck$1$1 -> com.drdisagree.anothertheme.SubstratumLauncher$e$a:
    com.github.javiersantos.piracychecker.PiracyChecker $this_piracyChecker -> c
    com.drdisagree.anothertheme.SubstratumLauncher$startAntiPiracyCheck$1 this$0 -> b
    java.lang.Object invoke(java.lang.Object) -> d
    void invoke(com.github.javiersantos.piracychecker.callbacks.PiracyCheckerCallbacksDSL) -> e
com.drdisagree.anothertheme.SubstratumLauncher$startAntiPiracyCheck$1$1$$special$$inlined$allow$1 -> com.drdisagree.anothertheme.SubstratumLauncher$e$a$a:
    com.drdisagree.anothertheme.SubstratumLauncher$startAntiPiracyCheck$1$1 this$0 -> a
    void allow() -> c
...
com.google.android.material.elevation.ElevationOverlayProvider -> com.google.android.material.elevation.ElevationOverlayProvider:
    float displayDensity -> e
    int OVERLAY_ACCENT_COLOR_ALPHA -> f
    int colorSurface -> d
    boolean elevationOverlayEnabled -> a
    int elevationOverlayColor -> b
    int elevationOverlayAccentColor -> c
    float calculateOverlayAlphaFraction(float) -> a
    int compositeOverlay(int,float) -> b
    int compositeOverlayIfNeeded(int,float) -> c
    int compositeOverlayWithThemeSurfaceColorIfNeeded(float) -> d
    boolean isThemeElevationOverlayEnabled() -> e
    boolean isThemeSurfaceColor(int) -> f
com.google.android.material.elevation.SurfaceColors -> com.google.android.material.elevation.SurfaceColors:
    com.google.android.material.elevation.SurfaceColors SURFACE_2 -> d
    com.google.android.material.elevation.SurfaceColors SURFACE_1 -> c
    com.google.android.material.elevation.SurfaceColors SURFACE_0 -> b
    com.google.android.material.elevation.SurfaceColors[] $VALUES -> h
    com.google.android.material.elevation.SurfaceColors SURFACE_5 -> g
    com.google.android.material.elevation.SurfaceColors SURFACE_4 -> f
    com.google.android.material.elevation.SurfaceColors SURFACE_3 -> e
com.google.android.material.expandable.ExpandableWidget -> com.google.android.material.expandable.ExpandableWidget:
    boolean isExpanded() -> a
com.google.android.material.expandable.ExpandableWidgetHelper -> com.google.android.material.expandable.ExpandableWidgetHelper:
    android.view.View widget -> a
    boolean expanded -> b
    int expandedComponentIdHint -> c
    void dispatchExpandedStateChanged() -> a
    int getExpandedComponentIdHint() -> b
    boolean isExpanded() -> c
    void onRestoreInstanceState(android.os.Bundle) -> d
    android.os.Bundle onSaveInstanceState() -> e
    void setExpandedComponentIdHint(int) -> f
com.google.android.material.floatingactionbutton.AnimatorTracker -> com.google.android.material.floatingactionbutton.AnimatorTracker:
    android.animation.Animator currentAnimator -> a
    void cancelCurrent() -> a
    void clear() -> b
    void onNextAnimationStart(android.animation.Animator) -> c
com.google.android.material.floatingactionbutton.BaseMotionStrategy -> com.google.android.material.floatingactionbutton.BaseMotionStrategy:
    android.content.Context context -> a
    com.google.android.material.floatingactionbutton.AnimatorTracker tracker -> d
    com.google.android.material.animation.MotionSpec defaultMotionSpec -> e
    com.google.android.material.animation.MotionSpec motionSpec -> f
    java.util.ArrayList listeners -> c
    com.google.android.material.floatingactionbutton.ExtendedFloatingActionButton fab -> b
    com.google.android.material.animation.MotionSpec getMotionSpec() -> a
    android.animation.AnimatorSet createAnimator() -> b
    void onAnimationEnd() -> c
    void onAnimationCancel() -> d
    java.util.List getListeners() -> e
    void setMotionSpec(com.google.android.material.animation.MotionSpec) -> h
    com.google.android.material.floatingactionbutton.ExtendedFloatingActionButton access$000(com.google.android.material.floatingactionbutton.BaseMotionStrategy) -> k
    android.animation.AnimatorSet createAnimator(com.google.android.material.animation.MotionSpec) -> l
    com.google.android.material.animation.MotionSpec getCurrentMotionSpec() -> m
com.google.android.material.floatingactionbutton.BaseMotionStrategy$1 -> com.google.android.material.floatingactionbutton.BaseMotionStrategy$1:
    com.google.android.material.floatingactionbutton.BaseMotionStrategy this$0 -> a
    java.lang.Float get(com.google.android.material.floatingactionbutton.ExtendedFloatingActionButton) -> a
    void set(com.google.android.material.floatingactionbutton.ExtendedFloatingActionButton,java.lang.Float) -> b