app/build/outputs/mapping/release/usage.txt
com.drdisagree.anothertheme.AdvancedConstants:
    public static final boolean SHOW_LAUNCH_DIALOG
    public static final boolean SHOW_DIALOG_REPEATEDLY
com.drdisagree.anothertheme.R$array
com.drdisagree.anothertheme.ThemeFunctions:
    public final boolean checkApprovedSignature(android.content.Context,java.lang.String)
com.drdisagree.anothertheme.R$anim
com.drdisagree.anothertheme.R$attr
com.drdisagree.anothertheme.R$xml
com.drdisagree.anothertheme.R$bool
com.drdisagree.anothertheme.R$layout
com.drdisagree.anothertheme.R
com.drdisagree.anothertheme.R$dimen
com.drdisagree.anothertheme.BuildConfig:
    public void <init>()
    public static final boolean DEBUG
    public static final java.lang.String APPLICATION_ID
    public static final java.lang.String BUILD_TYPE
    public static final int VERSION_CODE
    public static final java.lang.String VERSION_NAME
    public static final java.lang.String APK_SIGNATURE_PRODUCTION
    public static final java.lang.String BASE_64_LICENSE_KEY
    public static final boolean ENFORCE_GOOGLE_PLAY_INSTALL
    public static final boolean ALLOW_THIRD_PARTY_SUBSTRATUM_BUILDS
    public static final boolean ENABLE_APP_BLACKLIST_CHECK
    public static final boolean SUPPORTS_THIRD_PARTY_SYSTEMS
com.drdisagree.anothertheme.SubstratumLauncher$startAntiPiracyCheck$1$1$$special$$inlined$doNotAllow$1:
    public void dontAllow(com.github.javiersantos.piracychecker.enums.PiracyCheckerError,com.github.javiersantos.piracychecker.enums.PirateApp)
com.drdisagree.anothertheme.R$color
com.drdisagree.anothertheme.R$id
com.drdisagree.anothertheme.R$drawable
com.drdisagree.anothertheme.R$mipmap
com.drdisagree.anothertheme.R$styleable
com.drdisagree.anothertheme.R$animator
com.drdisagree.anothertheme.R$plurals
com.drdisagree.anothertheme.R$interpolator
com.drdisagree.anothertheme.R$font
com.drdisagree.anothertheme.R$string
com.drdisagree.anothertheme.R$style
com.drdisagree.anothertheme.R$integer
com.drdisagree.anothertheme.ThemeFunctions:
    private static final android.content.pm.Signature[] SIGNATURES
...
kotlin.collections.CollectionsKt___CollectionsKt$withIndex$1
androidx.drawerlayout.R$dimen
com.google.android.material.progressindicator.LinearProgressIndicatorSpec:
    public void <init>(android.content.Context,android.util.AttributeSet)
    public void <init>(android.content.Context,android.util.AttributeSet,int)
    public void <init>(android.content.Context,android.util.AttributeSet,int,int)
com.google.android.material.appbar.CollapsingToolbarLayout:
    public void <init>(android.content.Context)
    public void <init>(android.content.Context,android.util.AttributeSet)
    public void <init>(android.content.Context,android.util.AttributeSet,int)
    public boolean isTitleEnabled()
    public void setExpandedTitleMargin(int,int,int,int)
    public boolean isRtlTextDirectionHeuristicsEnabled()
    public boolean isForceApplySystemWindowInsetTop()
    public boolean isExtraMultilineHeightEnabled()
    private static final int DEFAULT_SCRIM_ANIMATION_DURATION
    public static final int TITLE_COLLAPSE_MODE_SCALE
    public static final int TITLE_COLLAPSE_MODE_FADE
kotlin.sequences.SequencesKt___SequencesJvmKt
androidx.recyclerview.widget.OrientationHelper:
    public androidx.recyclerview.widget.RecyclerView$LayoutManager getLayoutManager()
    public abstract void offsetChild(android.view.View,int)
    private static final int INVALID_SIZE
    public static final int HORIZONTAL
    public static final int VERTICAL
com.android.billingclient.api.BillingClientImpl$BillingServiceConnection$1
kotlin.collections.MapsKt__MapsKt
kotlin.NotImplementedError
kotlin.jvm.JvmName
com.google.android.material.tooltip.TooltipDrawable:
    public static com.google.android.material.tooltip.TooltipDrawable createFromAttributes(android.content.Context,android.util.AttributeSet)
    public static com.google.android.material.tooltip.TooltipDrawable create(android.content.Context)
    public java.lang.CharSequence getText()
    public void setTextResource(int)
    public com.google.android.material.resources.TextAppearance getTextAppearance()
    public void setTextAppearanceResource(int)
    public int getMinWidth()
    public void setMinWidth(int)
    public int getMinHeight()
    public void setMinHeight(int)
    public int getTextPadding()
    public void setTextPadding(int)
    public int getLayoutMargin()
    public void setLayoutMargin(int)
com.google.android.material.tabs.TabLayoutMediator$TabLayoutOnPageChangeCallback:
    void <init>(com.google.android.material.tabs.TabLayout)
    public void onPageScrollStateChanged(int)
    public void onPageScrolled(int,float,int)
    public void onPageSelected(int)
    void reset()
    private final java.lang.ref.WeakReference tabLayoutRef
    private int previousScrollState
    private int scrollState
androidx.recyclerview.widget.ItemTouchHelper$SimpleCallback
kotlin.ranges.CharProgression
kotlin.text.StringsKt__RegexExtensionsKt:
    private static final kotlin.text.Regex toRegex(java.lang.String)
    private static final kotlin.text.Regex toRegex(java.lang.String,kotlin.text.RegexOption)
    private static final kotlin.text.Regex toRegex(java.lang.String,java.util.Set)
    public void <init>()
org.intellij.lang.annotations.JdkConstants$TabLayoutPolicy
androidx.appcompat.widget.PopupMenu$OnMenuItemClickListener
kotlin.collections.SetsKt__SetsJVMKt
androidx.core.location.GnssStatusCompat$ConstellationType
com.google.android.material.floatingactionbutton.BorderDrawable:
    void <init>(com.google.android.material.shape.ShapeAppearanceModel)
    public void setBorderWidth(float)
    void setGradientColors(int,int,int,int)
    public com.google.android.material.shape.ShapeAppearanceModel getShapeAppearanceModel()
    private static final float DRAW_STROKE_WIDTH_MULTIPLE